20230406-08:35:13: Session FIX.4.4:QUICKFIX_ACCEPTOR->QUICKFIX_INITIATOR1 schedule is daily, 00:00:00-UTC - 23:00:00-UTC
20230406-08:35:13: Created session: FIX.4.4:QUICKFIX_ACCEPTOR->QUICKFIX_INITIATOR1
20230406-08:35:20: Accepting session FIX.4.4:QUICKFIX_ACCEPTOR->QUICKFIX_INITIATOR1 from /192.168.211.18:59282
20230406-08:35:20: Acceptor heartbeat set to 30 seconds
20230406-08:35:20: Logon contains ResetSeqNumFlag=Y, resetting sequence numbers to 1
20230406-08:35:20: Received logon
20230406-08:35:20: Responding to Logon request
20230413-08:23:33: Session FIX.4.4:QUICKFIX_ACCEPTOR->QUICKFIX_INITIATOR1 schedule is daily, 00:00:00-UTC - 23:00:00-UTC
20230413-08:23:33: Session state is not current; resetting FIX.4.4:QUICKFIX_ACCEPTOR->QUICKFIX_INITIATOR1
20230413-08:23:33: Created session: FIX.4.4:QUICKFIX_ACCEPTOR->QUICKFIX_INITIATOR1
20230413-08:24:11: Session FIX.4.4:QUICKFIX_ACCEPTOR->QUICKFIX_INITIATOR1 schedule is daily, 00:00:00-UTC - 23:00:00-UTC
20230413-08:24:11: Created session: FIX.4.4:QUICKFIX_ACCEPTOR->QUICKFIX_INITIATOR1
20230413-08:24:44: Session FIX.4.4:QUICKFIX_ACCEPTOR->QUICKFIX_INITIATOR1 schedule is daily, 00:00:00-UTC - 23:00:00-UTC
20230413-08:24:44: Created session: FIX.4.4:QUICKFIX_ACCEPTOR->QUICKFIX_INITIATOR1
20230413-08:28:31: Session FIX.4.4:QUICKFIX_ACCEPTOR->QUICKFIX_INITIATOR1 schedule is daily, 00:00:00-UTC - 23:00:00-UTC
20230413-08:28:31: Created session: FIX.4.4:QUICKFIX_ACCEPTOR->QUICKFIX_INITIATOR1
20230413-08:28:55: Session FIX.4.4:QUICKFIX_ACCEPTOR->QUICKFIX_INITIATOR1 schedule is daily, 00:00:00-UTC - 23:00:00-UTC
20230413-08:28:55: Created session: FIX.4.4:QUICKFIX_ACCEPTOR->QUICKFIX_INITIATOR1
20230413-08:30:28: Session FIX.4.4:QUICKFIX_ACCEPTOR->QUICKFIX_INITIATOR1 schedule is daily, 00:00:00-UTC - 23:00:00-UTC
20230413-08:30:28: Created session: FIX.4.4:QUICKFIX_ACCEPTOR->QUICKFIX_INITIATOR1
20230413-08:42:59: Session FIX.4.4:QUICKFIX_ACCEPTOR->QUICKFIX_INITIATOR1 schedule is daily, 00:00:00-UTC - 23:00:00-UTC
20230413-08:42:59: Created session: FIX.4.4:QUICKFIX_ACCEPTOR->QUICKFIX_INITIATOR1
20230413-08:43:33: Session FIX.4.4:QUICKFIX_ACCEPTOR->QUICKFIX_INITIATOR1 schedule is daily, 00:00:00-UTC - 23:00:00-UTC
20230413-08:43:33: Created session: FIX.4.4:QUICKFIX_ACCEPTOR->QUICKFIX_INITIATOR1
20230413-08:48:26: Session FIX.4.4:QUICKFIX_ACCEPTOR->QUICKFIX_INITIATOR1 schedule is daily, 00:00:00-UTC - 23:00:00-UTC
20230413-08:48:26: Created session: FIX.4.4:QUICKFIX_ACCEPTOR->QUICKFIX_INITIATOR1
20230413-08:48:32: Accepting session FIX.4.4:QUICKFIX_ACCEPTOR->QUICKFIX_INITIATOR1 from /192.168.211.25:60074
20230413-08:48:32: Acceptor heartbeat set to 30 seconds
20230413-08:48:32: Logon contains ResetSeqNumFlag=Y, resetting sequence numbers to 1
20230413-08:48:32: Received logon
20230413-08:48:32: Responding to Logon request
20230413-08:56:22: Disconnecting: Encountered END_OF_STREAM
20230413-09:30:17: Session FIX.4.4:QUICKFIX_ACCEPTOR->QUICKFIX_INITIATOR1 schedule is daily, 00:00:00-UTC - 23:00:00-UTC
20230413-09:30:17: Created session: FIX.4.4:QUICKFIX_ACCEPTOR->QUICKFIX_INITIATOR1
20230413-09:30:27: Accepting session FIX.4.4:QUICKFIX_ACCEPTOR->QUICKFIX_INITIATOR1 from /192.168.211.25:61004
20230413-09:30:27: Acceptor heartbeat set to 30 seconds
20230413-09:30:27: Logon contains ResetSeqNumFlag=Y, resetting sequence numbers to 1
20230413-09:30:27: Received logon
20230413-09:30:27: Responding to Logon request
20230413-09:33:04: Disconnecting: Encountered END_OF_STREAM
20230526-07:41:01: Session FIX.4.4:QUICKFIX_ACCEPTOR->QUICKFIX_INITIATOR1 schedule is daily, 00:00:00-UTC - 23:00:00-UTC
20230526-07:41:01: Created session: FIX.4.4:QUICKFIX_ACCEPTOR->QUICKFIX_INITIATOR1
20230526-07:42:31: Session FIX.4.4:QUICKFIX_ACCEPTOR->QUICKFIX_INITIATOR1 schedule is daily, 00:00:00-UTC - 23:00:00-UTC
20230526-07:42:31: Created session: FIX.4.4:QUICKFIX_ACCEPTOR->QUICKFIX_INITIATOR1
20230526-07:43:24: Session FIX.4.4:QUICKFIX_ACCEPTOR->QUICKFIX_INITIATOR1 schedule is daily, 00:00:00-UTC - 23:00:00-UTC
20230526-07:43:24: Created session: FIX.4.4:QUICKFIX_ACCEPTOR->QUICKFIX_INITIATOR1
20230526-07:44:44: Session FIX.4.4:QUICKFIX_ACCEPTOR->QUICKFIX_INITIATOR1 schedule is daily, 00:00:00-UTC - 23:00:00-UTC
20230526-07:44:44: Created session: FIX.4.4:QUICKFIX_ACCEPTOR->QUICKFIX_INITIATOR1
20230526-07:47:31: Session FIX.4.4:QUICKFIX_ACCEPTOR->QUICKFIX_INITIATOR1 schedule is daily, 00:00:00-UTC - 23:00:00-UTC
20230526-07:47:31: Created session: FIX.4.4:QUICKFIX_ACCEPTOR->QUICKFIX_INITIATOR1
20230526-07:48:07: Session FIX.4.4:QUICKFIX_ACCEPTOR->QUICKFIX_INITIATOR1 schedule is daily, 00:00:00-UTC - 23:00:00-UTC
20230526-07:48:07: Created session: FIX.4.4:QUICKFIX_ACCEPTOR->QUICKFIX_INITIATOR1
20230526-07:49:25: Session FIX.4.4:QUICKFIX_ACCEPTOR->QUICKFIX_INITIATOR1 schedule is daily, 00:00:00-UTC - 23:00:00-UTC
20230526-07:49:25: Created session: FIX.4.4:QUICKFIX_ACCEPTOR->QUICKFIX_INITIATOR1
20230526-07:49:44: Session FIX.4.4:QUICKFIX_ACCEPTOR->QUICKFIX_INITIATOR1 schedule is daily, 00:00:00-UTC - 23:00:00-UTC
20230526-07:49:44: Created session: FIX.4.4:QUICKFIX_ACCEPTOR->QUICKFIX_INITIATOR1
20230526-07:50:34: Session FIX.4.4:QUICKFIX_ACCEPTOR->QUICKFIX_INITIATOR1 schedule is daily, 00:00:00-UTC - 23:00:00-UTC
20230526-07:50:34: Created session: FIX.4.4:QUICKFIX_ACCEPTOR->QUICKFIX_INITIATOR1
20230526-07:51:17: Session FIX.4.4:QUICKFIX_ACCEPTOR->QUICKFIX_INITIATOR1 schedule is daily, 00:00:00-UTC - 23:00:00-UTC
20230526-07:51:17: Created session: FIX.4.4:QUICKFIX_ACCEPTOR->QUICKFIX_INITIATOR1
20230526-07:55:06: Session FIX.4.4:QUICKFIX_ACCEPTOR->QUICKFIX_INITIATOR1 schedule is daily, 00:00:00-UTC - 23:00:00-UTC
20230526-07:55:06: Created session: FIX.4.4:QUICKFIX_ACCEPTOR->QUICKFIX_INITIATOR1
20230526-08:16:53: Session FIX.4.4:QUICKFIX_ACCEPTOR->QUICKFIX_INITIATOR1 schedule is daily, 00:00:00-UTC - 23:00:00-UTC
20230526-08:16:53: Created session: FIX.4.4:QUICKFIX_ACCEPTOR->QUICKFIX_INITIATOR1
20230526-08:16:59: Accepting session FIX.4.4:QUICKFIX_ACCEPTOR->QUICKFIX_INITIATOR1 from /192.168.137.1:56031
20230526-08:16:59: Acceptor heartbeat set to 30 seconds
20230526-08:16:59: Logon contains ResetSeqNumFlag=Y, resetting sequence numbers to 1
20230526-08:16:59: Received logon
20230526-08:16:59: Responding to Logon request
20230526-08:18:34: Disconnecting: Socket exception (/192.168.137.1:56031): java.io.IOException: Connection reset by peer
20230526-08:18:50: Session FIX.4.4:QUICKFIX_ACCEPTOR->QUICKFIX_INITIATOR1 schedule is daily, 00:00:00-UTC - 23:00:00-UTC
20230526-08:18:50: Created session: FIX.4.4:QUICKFIX_ACCEPTOR->QUICKFIX_INITIATOR1
20230526-08:19:17: Session FIX.4.4:QUICKFIX_ACCEPTOR->QUICKFIX_INITIATOR1 schedule is daily, 00:00:00-UTC - 23:00:00-UTC
20230526-08:19:17: Created session: FIX.4.4:QUICKFIX_ACCEPTOR->QUICKFIX_INITIATOR1
20230526-08:20:55: Accepting session FIX.4.4:QUICKFIX_ACCEPTOR->QUICKFIX_INITIATOR1 from /192.168.137.1:56089
20230526-08:20:55: Acceptor heartbeat set to 30 seconds
20230526-08:20:55: Logon contains ResetSeqNumFlag=Y, resetting sequence numbers to 1
20230526-08:20:55: Received logon
20230526-08:20:55: Responding to Logon request
20230526-08:23:03: Session FIX.4.4:QUICKFIX_ACCEPTOR->QUICKFIX_INITIATOR1 schedule is daily, 00:00:00-UTC - 23:00:00-UTC
20230526-08:23:03: Created session: FIX.4.4:QUICKFIX_ACCEPTOR->QUICKFIX_INITIATOR1
20230526-08:23:29: Session FIX.4.4:QUICKFIX_ACCEPTOR->QUICKFIX_INITIATOR1 schedule is daily, 00:00:00-UTC - 23:00:00-UTC
20230526-08:23:29: Created session: FIX.4.4:QUICKFIX_ACCEPTOR->QUICKFIX_INITIATOR1
20230526-08:26:43: Session FIX.4.4:QUICKFIX_ACCEPTOR->QUICKFIX_INITIATOR1 schedule is daily, 00:00:00-UTC - 23:00:00-UTC
20230526-08:26:43: Created session: FIX.4.4:QUICKFIX_ACCEPTOR->QUICKFIX_INITIATOR1
20230526-08:28:58: Session FIX.4.4:QUICKFIX_ACCEPTOR->QUICKFIX_INITIATOR1 schedule is daily, 00:00:00-UTC - 23:00:00-UTC
20230526-08:28:58: Created session: FIX.4.4:QUICKFIX_ACCEPTOR->QUICKFIX_INITIATOR1
20230526-08:29:16: Session FIX.4.4:QUICKFIX_ACCEPTOR->QUICKFIX_INITIATOR1 schedule is daily, 00:00:00-UTC - 23:00:00-UTC
20230526-08:29:16: Created session: FIX.4.4:QUICKFIX_ACCEPTOR->QUICKFIX_INITIATOR1
20230526-08:30:04: Session FIX.4.4:QUICKFIX_ACCEPTOR->QUICKFIX_INITIATOR1 schedule is daily, 00:00:00-UTC - 23:00:00-UTC
20230526-08:30:04: Created session: FIX.4.4:QUICKFIX_ACCEPTOR->QUICKFIX_INITIATOR1
20230526-08:30:54: Session FIX.4.4:QUICKFIX_ACCEPTOR->QUICKFIX_INITIATOR1 schedule is daily, 00:00:00-UTC - 23:00:00-UTC
20230526-08:30:54: Created session: FIX.4.4:QUICKFIX_ACCEPTOR->QUICKFIX_INITIATOR1
20230526-08:32:08: Session FIX.4.4:QUICKFIX_ACCEPTOR->QUICKFIX_INITIATOR1 schedule is daily, 00:00:00-UTC - 23:00:00-UTC
20230526-08:32:08: Created session: FIX.4.4:QUICKFIX_ACCEPTOR->QUICKFIX_INITIATOR1
20230526-08:33:53: Session FIX.4.4:QUICKFIX_ACCEPTOR->QUICKFIX_INITIATOR1 schedule is daily, 00:00:00-UTC - 23:00:00-UTC
20230526-08:33:53: Created session: FIX.4.4:QUICKFIX_ACCEPTOR->QUICKFIX_INITIATOR1
20230526-08:33:59: Accepting session FIX.4.4:QUICKFIX_ACCEPTOR->QUICKFIX_INITIATOR1 from /192.168.137.1:56221
20230526-08:33:59: Acceptor heartbeat set to 30 seconds
20230526-08:33:59: Logon contains ResetSeqNumFlag=Y, resetting sequence numbers to 1
20230526-08:33:59: Received logon
20230526-08:33:59: Responding to Logon request
20230526-08:35:07: Disconnecting: Socket exception (/192.168.137.1:56221): java.io.IOException: Connection reset by peer
20230526-08:38:38: Session FIX.4.4:QUICKFIX_ACCEPTOR->QUICKFIX_INITIATOR1 schedule is daily, 00:00:00-UTC - 23:00:00-UTC
20230526-08:38:38: Created session: FIX.4.4:QUICKFIX_ACCEPTOR->QUICKFIX_INITIATOR1
20230526-08:42:25: Session FIX.4.4:QUICKFIX_ACCEPTOR->QUICKFIX_INITIATOR1 schedule is daily, 00:00:00-UTC - 23:00:00-UTC
20230526-08:42:25: Created session: FIX.4.4:QUICKFIX_ACCEPTOR->QUICKFIX_INITIATOR1
20230526-08:45:48: Session FIX.4.4:QUICKFIX_ACCEPTOR->QUICKFIX_INITIATOR1 schedule is daily, 00:00:00-UTC - 23:00:00-UTC
20230526-08:45:48: Created session: FIX.4.4:QUICKFIX_ACCEPTOR->QUICKFIX_INITIATOR1
20230526-08:45:54: Accepting session FIX.4.4:QUICKFIX_ACCEPTOR->QUICKFIX_INITIATOR1 from /192.168.137.1:56312
20230526-08:45:54: Acceptor heartbeat set to 30 seconds
20230526-08:45:54: Logon contains ResetSeqNumFlag=Y, resetting sequence numbers to 1
20230526-08:45:54: Received logon
20230526-08:45:54: Responding to Logon request
20230526-08:54:40: Session FIX.4.4:QUICKFIX_ACCEPTOR->QUICKFIX_INITIATOR1 schedule is daily, 00:00:00-UTC - 23:00:00-UTC
20230526-08:54:40: Created session: FIX.4.4:QUICKFIX_ACCEPTOR->QUICKFIX_INITIATOR1
20230526-08:58:34: Session FIX.4.4:QUICKFIX_ACCEPTOR->QUICKFIX_INITIATOR1 schedule is daily, 00:00:00-UTC - 23:00:00-UTC
20230526-08:58:34: Created session: FIX.4.4:QUICKFIX_ACCEPTOR->QUICKFIX_INITIATOR1
20230526-08:59:50: Session FIX.4.4:QUICKFIX_ACCEPTOR->QUICKFIX_INITIATOR1 schedule is daily, 00:00:00-UTC - 23:00:00-UTC
20230526-08:59:50: Created session: FIX.4.4:QUICKFIX_ACCEPTOR->QUICKFIX_INITIATOR1
20230526-09:00:29: Session FIX.4.4:QUICKFIX_ACCEPTOR->QUICKFIX_INITIATOR1 schedule is daily, 00:00:00-UTC - 23:00:00-UTC
20230526-09:00:29: Created session: FIX.4.4:QUICKFIX_ACCEPTOR->QUICKFIX_INITIATOR1
20230526-09:20:22: Session FIX.4.4:QUICKFIX_ACCEPTOR->QUICKFIX_INITIATOR1 schedule is daily, 00:00:00-UTC - 23:00:00-UTC
20230526-09:20:22: Created session: FIX.4.4:QUICKFIX_ACCEPTOR->QUICKFIX_INITIATOR1
20230526-09:21:40: Session FIX.4.4:QUICKFIX_ACCEPTOR->QUICKFIX_INITIATOR1 schedule is daily, 00:00:00-UTC - 23:00:00-UTC
20230526-09:21:40: Created session: FIX.4.4:QUICKFIX_ACCEPTOR->QUICKFIX_INITIATOR1
20230526-09:25:29: Session FIX.4.4:QUICKFIX_ACCEPTOR->QUICKFIX_INITIATOR1 schedule is daily, 00:00:00-UTC - 23:00:00-UTC
20230526-09:25:29: Created session: FIX.4.4:QUICKFIX_ACCEPTOR->QUICKFIX_INITIATOR1
20230529-02:56:46: Session FIX.4.4:QUICKFIX_ACCEPTOR->QUICKFIX_INITIATOR1 schedule is daily, 00:00:00-UTC - 23:00:00-UTC
20230529-02:56:46: Created session: FIX.4.4:QUICKFIX_ACCEPTOR->QUICKFIX_INITIATOR1
20230529-02:57:00: Session FIX.4.4:QUICKFIX_ACCEPTOR->QUICKFIX_INITIATOR1 schedule is daily, 00:00:00-UTC - 23:00:00-UTC
20230529-02:57:00: Created session: FIX.4.4:QUICKFIX_ACCEPTOR->QUICKFIX_INITIATOR1
20230529-03:01:19: Session FIX.4.4:QUICKFIX_ACCEPTOR->QUICKFIX_INITIATOR1 schedule is daily, 00:00:00-UTC - 23:00:00-UTC
20230529-03:01:19: Created session: FIX.4.4:QUICKFIX_ACCEPTOR->QUICKFIX_INITIATOR1
20230601-05:25:01: Session FIX.4.4:QUICKFIX_ACCEPTOR->QUICKFIX_INITIATOR1 schedule is daily, 00:00:00-UTC - 23:00:00-UTC
20230601-05:25:01: Created session: FIX.4.4:QUICKFIX_ACCEPTOR->QUICKFIX_INITIATOR1
20230602-06:21:33: Session FIX.4.4:QUICKFIX_ACCEPTOR->QUICKFIX_INITIATOR1 schedule is daily, 00:00:00-UTC - 23:00:00-UTC
20230602-06:21:33: Session state is not current; resetting FIX.4.4:QUICKFIX_ACCEPTOR->QUICKFIX_INITIATOR1
20230602-06:21:33: Created session: FIX.4.4:QUICKFIX_ACCEPTOR->QUICKFIX_INITIATOR1
20230602-07:00:54: Session FIX.4.4:QUICKFIX_ACCEPTOR->QUICKFIX_INITIATOR1 schedule is daily, 00:00:00-UTC - 23:00:00-UTC
20230602-07:00:54: Created session: FIX.4.4:QUICKFIX_ACCEPTOR->QUICKFIX_INITIATOR1
20230602-07:56:35: Session FIX.4.4:QUICKFIX_ACCEPTOR->QUICKFIX_INITIATOR1 schedule is daily, 00:00:00-UTC - 23:00:00-UTC
20230602-07:56:35: Created session: FIX.4.4:QUICKFIX_ACCEPTOR->QUICKFIX_INITIATOR1
